2020-11-20 12:42:02.214  INFO 4272 --- [restartedMain] com.album.AlbumMicroServiceApplication   : No active profile set, falling back to default profiles: default
2020-11-20 12:42:03.499  INFO 4272 --- [restartedMain] o.s.cloud.context.scope.GenericScope     : BeanFactory id=8059f08e-a7da-3d65-8c31-698aafc01007
2020-11-20 12:42:04.433  INFO 4272 --- [restartedMain] o.s.b.w.embedded.tomcat.TomcatWebServer  : Tomcat initialized with port(s): 0 (http)
2020-11-20 12:42:04.446  INFO 4272 --- [restartedMain] o.apache.catalina.core.StandardService   : Starting service [Tomcat]
2020-11-20 12:42:04.446  INFO 4272 --- [restartedMain] org.apache.catalina.core.StandardEngine  : Starting Servlet engine: [Apache Tomcat/9.0.39]
2020-11-20 12:42:04.593  INFO 4272 --- [restartedMain] o.a.c.c.C.[Tomcat].[localhost].[/]       : Initializing Spring embedded WebApplicationContext
2020-11-20 12:42:04.594  INFO 4272 --- [restartedMain] w.s.c.ServletWebServerApplicationContext : Root WebApplicationContext: initialization completed in 2342 ms
2020-11-20 12:42:04.680  WARN 4272 --- [restartedMain] c.n.c.sources.URLConfigurationSource     : No URLs will be polled as dynamic configuration sources.
2020-11-20 12:42:04.681  INFO 4272 --- [restartedMain] c.n.c.sources.URLConfigurationSource     : To enable URLs as dynamic configuration sources, define System property archaius.configurationSource.additionalUrls or make config.properties available on classpath.
2020-11-20 12:42:04.688  WARN 4272 --- [restartedMain] c.n.c.sources.URLConfigurationSource     : No URLs will be polled as dynamic configuration sources.
2020-11-20 12:42:04.689  INFO 4272 --- [restartedMain] c.n.c.sources.URLConfigurationSource     : To enable URLs as dynamic configuration sources, define System property archaius.configurationSource.additionalUrls or make config.properties available on classpath.
2020-11-20 12:42:04.939  INFO 4272 --- [restartedMain] o.s.s.concurrent.ThreadPoolTaskExecutor  : Initializing ExecutorService 'applicationTaskExecutor'
2020-11-20 12:42:05.275  WARN 4272 --- [restartedMain] o.s.b.d.a.OptionalLiveReloadServer       : Unable to start LiveReload server
2020-11-20 12:42:05.878  INFO 4272 --- [restartedMain] DiscoveryClientOptionalArgsConfiguration : Eureka HTTP Client uses Jersey
2020-11-20 12:42:06.423  WARN 4272 --- [restartedMain] ockingLoadBalancerClientRibbonWarnLogger : You already have RibbonLoadBalancerClient on your classpath. It will be used by default. As Spring Cloud Ribbon is in maintenance mode. We recommend switching to BlockingLoadBalancerClient instead. In order to use it, set the value of `spring.cloud.loadbalancer.ribbon.enabled` to `false` or remove spring-cloud-starter-netflix-ribbon from your project.
2020-11-20 12:42:06.633  INFO 4272 --- [restartedMain] o.s.b.w.embedded.tomcat.TomcatWebServer  : Tomcat started on port(s): 59619 (http) with context path ''
2020-11-20 12:42:06.637  INFO 4272 --- [restartedMain] .s.c.n.e.s.EurekaAutoServiceRegistration : Updating port to 59619
2020-11-20 12:42:06.651  INFO 4272 --- [restartedMain] o.s.c.n.eureka.InstanceInfoFactory       : Setting initial instance status as: STARTING
2020-11-20 12:42:06.724  INFO 4272 --- [restartedMain] com.netflix.discovery.DiscoveryClient    : Initializing Eureka in region us-east-1
2020-11-20 12:42:07.281  INFO 4272 --- [restartedMain] c.n.d.provider.DiscoveryJerseyProvider   : Using JSON encoding codec LegacyJacksonJson
2020-11-20 12:42:07.282  INFO 4272 --- [restartedMain] c.n.d.provider.DiscoveryJerseyProvider   : Using JSON decoding codec LegacyJacksonJson
2020-11-20 12:42:07.495  INFO 4272 --- [restartedMain] c.n.d.provider.DiscoveryJerseyProvider   : Using XML encoding codec XStreamXml
2020-11-20 12:42:07.496  INFO 4272 --- [restartedMain] c.n.d.provider.DiscoveryJerseyProvider   : Using XML decoding codec XStreamXml
2020-11-20 12:42:07.777  INFO 4272 --- [restartedMain] c.n.d.s.r.aws.ConfigClusterResolver      : Resolving eureka endpoints via configuration
2020-11-20 12:42:08.084  INFO 4272 --- [restartedMain] com.netflix.discovery.DiscoveryClient    : Disable delta property : false
2020-11-20 12:42:08.085  INFO 4272 --- [restartedMain] com.netflix.discovery.DiscoveryClient    : Single vip registry refresh property : null
2020-11-20 12:42:08.085  INFO 4272 --- [restartedMain] com.netflix.discovery.DiscoveryClient    : Force full registry fetch : false
2020-11-20 12:42:08.085  INFO 4272 --- [restartedMain] com.netflix.discovery.DiscoveryClient    : Application is null : false
2020-11-20 12:42:08.085  INFO 4272 --- [restartedMain] com.netflix.discovery.DiscoveryClient    : Registered Applications size is zero : true
2020-11-20 12:42:08.085  INFO 4272 --- [restartedMain] com.netflix.discovery.DiscoveryClient    : Application version is -1: true
2020-11-20 12:42:08.085  INFO 4272 --- [restartedMain] com.netflix.discovery.DiscoveryClient    : Getting all instance registry info from the eureka server
2020-11-20 12:42:08.327  INFO 4272 --- [restartedMain] com.netflix.discovery.DiscoveryClient    : The response status is 200
2020-11-20 12:42:08.331  INFO 4272 --- [restartedMain] com.netflix.discovery.DiscoveryClient    : Starting heartbeat executor: renew interval is: 30
2020-11-20 12:42:08.336  INFO 4272 --- [restartedMain] c.n.discovery.InstanceInfoReplicator     : InstanceInfoReplicator onDemand update allowed rate per min is 4
2020-11-20 12:42:08.342  INFO 4272 --- [restartedMain] com.netflix.discovery.DiscoveryClient    : Discovery Client initialized at timestamp 1605856328341 with initial instances count: 1
2020-11-20 12:42:08.345  INFO 4272 --- [restartedMain] o.s.c.n.e.s.EurekaServiceRegistry        : Registering application ALBUM-MS with eureka with status UP
2020-11-20 12:42:08.346  INFO 4272 --- [restartedMain] com.netflix.discovery.DiscoveryClient    : Saw local status change event StatusChangeEvent [timestamp=1605856328346, current=UP, previous=STARTING]
2020-11-20 12:42:08.350  INFO 4272 --- [DiscoveryClient-InstanceInfoReplicator-0] com.netflix.discovery.DiscoveryClient    : DiscoveryClient_ALBUM-MS/DESKTOP-G426SSP:album-ms:0: registering service...
2020-11-20 12:42:08.427  INFO 4272 --- [DiscoveryClient-InstanceInfoReplicator-0] com.netflix.discovery.DiscoveryClient    : DiscoveryClient_ALBUM-MS/DESKTOP-G426SSP:album-ms:0 - registration status: 204
2020-11-20 12:42:09.122  INFO 4272 --- [restartedMain] com.album.AlbumMicroServiceApplication   : Started AlbumMicroServiceApplication in 9.232 seconds (JVM running for 10.906)
2020-11-20 12:44:05.038  INFO 4272 --- [http-nio-auto-1-exec-1] o.a.c.c.C.[Tomcat].[localhost].[/]       : Initializing Spring DispatcherServlet 'dispatcherServlet'
2020-11-20 12:44:05.039  INFO 4272 --- [http-nio-auto-1-exec-1] o.s.web.servlet.DispatcherServlet        : Initializing Servlet 'dispatcherServlet'
2020-11-20 12:44:05.054  INFO 4272 --- [http-nio-auto-1-exec-1] o.s.web.servlet.DispatcherServlet        : Completed initialization in 14 ms
2020-11-20 12:47:08.089  INFO 4272 --- [AsyncResolver-bootstrap-executor-0] c.n.d.s.r.aws.ConfigClusterResolver      : Resolving eureka endpoints via configuration
2020-11-20 12:52:10.042  INFO 4272 --- [AsyncResolver-bootstrap-executor-0] c.n.d.s.r.aws.ConfigClusterResolver      : Resolving eureka endpoints via configuration
2020-11-20 12:57:10.045  INFO 4272 --- [AsyncResolver-bootstrap-executor-0] c.n.d.s.r.aws.ConfigClusterResolver      : Resolving eureka endpoints via configuration
2020-11-20 13:02:10.049  INFO 4272 --- [AsyncResolver-bootstrap-executor-0] c.n.d.s.r.aws.ConfigClusterResolver      : Resolving eureka endpoints via configuration
2020-11-20 13:07:10.051  INFO 4272 --- [AsyncResolver-bootstrap-executor-0] c.n.d.s.r.aws.ConfigClusterResolver      : Resolving eureka endpoints via configuration
2020-11-20 13:12:10.055  INFO 4272 --- [AsyncResolver-bootstrap-executor-0] c.n.d.s.r.aws.ConfigClusterResolver      : Resolving eureka endpoints via configuration
2020-11-20 13:17:10.056  INFO 4272 --- [AsyncResolver-bootstrap-executor-0] c.n.d.s.r.aws.ConfigClusterResolver      : Resolving eureka endpoints via configuration
2020-11-20 13:22:10.063  INFO 4272 --- [AsyncResolver-bootstrap-executor-0] c.n.d.s.r.aws.ConfigClusterResolver      : Resolving eureka endpoints via configuration
2020-11-20 13:27:10.066  INFO 4272 --- [AsyncResolver-bootstrap-executor-0] c.n.d.s.r.aws.ConfigClusterResolver      : Resolving eureka endpoints via configuration
2020-11-20 13:32:10.070  INFO 4272 --- [AsyncResolver-bootstrap-executor-0] c.n.d.s.r.aws.ConfigClusterResolver      : Resolving eureka endpoints via configuration
2020-11-20 13:37:10.073  INFO 4272 --- [AsyncResolver-bootstrap-executor-0] c.n.d.s.r.aws.ConfigClusterResolver      : Resolving eureka endpoints via configuration
2020-11-20 13:42:10.075  INFO 4272 --- [AsyncResolver-bootstrap-executor-0] c.n.d.s.r.aws.ConfigClusterResolver      : Resolving eureka endpoints via configuration
2020-11-20 13:47:10.078  INFO 4272 --- [AsyncResolver-bootstrap-executor-0] c.n.d.s.r.aws.ConfigClusterResolver      : Resolving eureka endpoints via configuration
2020-11-20 13:52:10.080  INFO 4272 --- [AsyncResolver-bootstrap-executor-0] c.n.d.s.r.aws.ConfigClusterResolver      : Resolving eureka endpoints via configuration
2020-11-20 13:57:10.082  INFO 4272 --- [AsyncResolver-bootstrap-executor-0] c.n.d.s.r.aws.ConfigClusterResolver      : Resolving eureka endpoints via configuration
2020-11-20 14:02:10.085  INFO 4272 --- [AsyncResolver-bootstrap-executor-0] c.n.d.s.r.aws.ConfigClusterResolver      : Resolving eureka endpoints via configuration
2020-11-20 14:12:23.464  INFO 4272 --- [AsyncResolver-bootstrap-executor-0] c.n.d.s.r.aws.ConfigClusterResolver      : Resolving eureka endpoints via configuration
2020-11-20 14:17:23.467  INFO 4272 --- [AsyncResolver-bootstrap-executor-0] c.n.d.s.r.aws.ConfigClusterResolver      : Resolving eureka endpoints via configuration
2020-11-20 14:22:23.470  INFO 4272 --- [AsyncResolver-bootstrap-executor-0] c.n.d.s.r.aws.ConfigClusterResolver      : Resolving eureka endpoints via configuration
2020-11-20 14:27:23.472  INFO 4272 --- [AsyncResolver-bootstrap-executor-0] c.n.d.s.r.aws.ConfigClusterResolver      : Resolving eureka endpoints via configuration
2020-11-20 14:32:23.474  INFO 4272 --- [AsyncResolver-bootstrap-executor-0] c.n.d.s.r.aws.ConfigClusterResolver      : Resolving eureka endpoints via configuration
2020-11-20 14:37:23.478  INFO 4272 --- [AsyncResolver-bootstrap-executor-0] c.n.d.s.r.aws.ConfigClusterResolver      : Resolving eureka endpoints via configuration
2020-11-20 16:02:55.378  INFO 4272 --- [AsyncResolver-bootstrap-executor-0] c.n.d.s.r.aws.ConfigClusterResolver      : Resolving eureka endpoints via configuration
2020-11-20 16:07:55.380  INFO 4272 --- [AsyncResolver-bootstrap-executor-0] c.n.d.s.r.aws.ConfigClusterResolver      : Resolving eureka endpoints via configuration
2020-11-20 16:12:55.382  INFO 4272 --- [AsyncResolver-bootstrap-executor-0] c.n.d.s.r.aws.ConfigClusterResolver      : Resolving eureka endpoints via configuration
2020-11-20 16:17:55.384  INFO 4272 --- [AsyncResolver-bootstrap-executor-0] c.n.d.s.r.aws.ConfigClusterResolver      : Resolving eureka endpoints via configuration
2020-11-20 16:22:55.388  INFO 4272 --- [AsyncResolver-bootstrap-executor-0] c.n.d.s.r.aws.ConfigClusterResolver      : Resolving eureka endpoints via configuration
2020-11-20 16:27:55.390  INFO 4272 --- [AsyncResolver-bootstrap-executor-0] c.n.d.s.r.aws.ConfigClusterResolver      : Resolving eureka endpoints via configuration
2020-11-20 16:32:55.391  INFO 4272 --- [AsyncResolver-bootstrap-executor-0] c.n.d.s.r.aws.ConfigClusterResolver      : Resolving eureka endpoints via configuration
2020-11-20 16:37:55.394  INFO 4272 --- [AsyncResolver-bootstrap-executor-0] c.n.d.s.r.aws.ConfigClusterResolver      : Resolving eureka endpoints via configuration
2020-11-20 16:39:28.034  INFO 4272 --- [RMI TCP Connection(155)-127.0.0.1] inMXBeanRegistrar$SpringApplicationAdmin : Application shutdown requested.
2020-11-20 16:39:28.050  INFO 4272 --- [RMI TCP Connection(155)-127.0.0.1] o.s.c.n.e.s.EurekaServiceRegistry        : Unregistering application ALBUM-MS with eureka with status DOWN
2020-11-20 16:39:28.051 ERROR 4272 --- [RMI TCP Connection(155)-127.0.0.1] com.netflix.discovery.DiscoveryClient    : Saw local status change event StatusChangeEvent [timestamp=1605870568051, current=DOWN, previous=UP]
2020-11-20 16:39:28.051  INFO 4272 --- [DiscoveryClient-InstanceInfoReplicator-0] com.netflix.discovery.DiscoveryClient    : DiscoveryClient_ALBUM-MS/DESKTOP-G426SSP:album-ms:0: registering service...
2020-11-20 16:39:28.058  INFO 4272 --- [DiscoveryClient-InstanceInfoReplicator-0] com.netflix.discovery.DiscoveryClient    : DiscoveryClient_ALBUM-MS/DESKTOP-G426SSP:album-ms:0 - registration status: 204
2020-11-20 16:39:29.659  INFO 4272 --- [RMI TCP Connection(155)-127.0.0.1] o.apache.catalina.core.StandardService   : Stopping service [Tomcat]
2020-11-20 16:39:29.670  INFO 4272 --- [RMI TCP Connection(155)-127.0.0.1] o.a.c.c.C.[Tomcat].[localhost].[/]       : Destroying Spring FrameworkServlet 'dispatcherServlet'
2020-11-20 16:39:29.732  INFO 4272 --- [RMI TCP Connection(155)-127.0.0.1] o.s.s.concurrent.ThreadPoolTaskExecutor  : Shutting down ExecutorService 'applicationTaskExecutor'
2020-11-20 16:39:29.744  INFO 4272 --- [RMI TCP Connection(155)-127.0.0.1] com.netflix.discovery.DiscoveryClient    : Shutting down DiscoveryClient ...
2020-11-20 16:39:32.769  INFO 4272 --- [RMI TCP Connection(155)-127.0.0.1] com.netflix.discovery.DiscoveryClient    : Unregistering ...
2020-11-20 16:39:32.791  INFO 4272 --- [RMI TCP Connection(155)-127.0.0.1] com.netflix.discovery.DiscoveryClient    : DiscoveryClient_ALBUM-MS/DESKTOP-G426SSP:album-ms:0 - deregister  status: 200
2020-11-20 16:39:32.838  INFO 4272 --- [RMI TCP Connection(155)-127.0.0.1] com.netflix.discovery.DiscoveryClient    : Completed shut down of DiscoveryClient
