2020-11-20 12:42:19.712  INFO [users-ms,,,] 9968 --- [restartedMain] c.c.c.ConfigServicePropertySourceLocator : Fetching config from server at : http://desktop-g426ssp:8012
2020-11-20 12:42:22.175  INFO [users-ms,,,] 9968 --- [restartedMain] c.c.c.ConfigServicePropertySourceLocator : Located environment: name=CloudConfigServerApp, profiles=[default], label=null, version=70353157b8fc212c62123f02647d884f63ddffe7, state=null
2020-11-20 12:42:22.178  INFO [users-ms,,,] 9968 --- [restartedMain] b.c.PropertySourceBootstrapConfiguration : Located property source: [BootstrapPropertySource {name='bootstrapProperties-configClient'}, BootstrapPropertySource {name='bootstrapProperties-https://github.com/prasannaanubhav/ConfigServer/application.properties'}]
2020-11-20 12:42:22.252  INFO [users-ms,,,] 9968 --- [restartedMain] c.u.m.UsersMicroServiceApplication       : No active profile set, falling back to default profiles: default
2020-11-20 12:42:26.948  INFO [users-ms,,,] 9968 --- [restartedMain] .s.d.r.c.RepositoryConfigurationDelegate : Bootstrapping Spring Data JPA repositories in DEFERRED mode.
2020-11-20 12:42:27.310  INFO [users-ms,,,] 9968 --- [restartedMain] .s.d.r.c.RepositoryConfigurationDelegate : Finished Spring Data repository scanning in 325ms. Found 1 JPA repository interfaces.
2020-11-20 12:42:29.494  INFO [users-ms,,,] 9968 --- [restartedMain] o.s.cloud.context.scope.GenericScope     : BeanFactory id=f148735d-f229-38b6-b7b1-7fbb99b02b38
2020-11-20 12:42:29.628  INFO [users-ms,,,] 9968 --- [restartedMain] faultConfiguringBeanFactoryPostProcessor : No bean named 'errorChannel' has been explicitly defined. Therefore, a default PublishSubscribeChannel will be created.
2020-11-20 12:42:29.644  INFO [users-ms,,,] 9968 --- [restartedMain] faultConfiguringBeanFactoryPostProcessor : No bean named 'taskScheduler' has been explicitly defined. Therefore, a default ThreadPoolTaskScheduler will be created.
2020-11-20 12:42:29.657  INFO [users-ms,,,] 9968 --- [restartedMain] faultConfiguringBeanFactoryPostProcessor : No bean named 'integrationHeaderChannelRegistry' has been explicitly defined. Therefore, a default DefaultHeaderChannelRegistry will be created.
2020-11-20 12:42:30.612  INFO [users-ms,,,] 9968 --- [restartedMain] trationDelegate$BeanPostProcessorChecker : Bean 'org.springframework.integration.config.IntegrationManagementConfiguration' of type [org.springframework.integration.config.IntegrationManagementConfiguration] is not eligible for getting processed by all BeanPostProcessors (for example: not eligible for auto-proxying)
2020-11-20 12:42:30.667  INFO [users-ms,,,] 9968 --- [restartedMain] trationDelegate$BeanPostProcessorChecker : Bean 'org.springframework.boot.autoconfigure.integration.IntegrationAutoConfiguration$IntegrationJmxConfiguration' of type [org.springframework.boot.autoconfigure.integration.IntegrationAutoConfiguration$IntegrationJmxConfiguration] is not eligible for getting processed by all BeanPostProcessors (for example: not eligible for auto-proxying)
2020-11-20 12:42:30.688  INFO [users-ms,,,] 9968 --- [restartedMain] trationDelegate$BeanPostProcessorChecker : Bean 'org.springframework.boot.autoconfigure.jmx.JmxAutoConfiguration' of type [org.springframework.boot.autoconfigure.jmx.JmxAutoConfiguration] is not eligible for getting processed by all BeanPostProcessors (for example: not eligible for auto-proxying)
2020-11-20 12:42:30.699  INFO [users-ms,,,] 9968 --- [restartedMain] trationDelegate$BeanPostProcessorChecker : Bean 'mbeanServer' of type [com.sun.jmx.mbeanserver.JmxMBeanServer] is not eligible for getting processed by all BeanPostProcessors (for example: not eligible for auto-proxying)
2020-11-20 12:42:30.827  INFO [users-ms,,,] 9968 --- [restartedMain] trationDelegate$BeanPostProcessorChecker : Bean 'integrationChannelResolver' of type [org.springframework.integration.support.channel.BeanFactoryChannelResolver] is not eligible for getting processed by all BeanPostProcessors (for example: not eligible for auto-proxying)
2020-11-20 12:42:30.835  INFO [users-ms,,,] 9968 --- [restartedMain] trationDelegate$BeanPostProcessorChecker : Bean 'integrationDisposableAutoCreatedBeans' of type [org.springframework.integration.config.annotation.Disposables] is not eligible for getting processed by all BeanPostProcessors (for example: not eligible for auto-proxying)
2020-11-20 12:42:31.780  INFO [users-ms,,,] 9968 --- [restartedMain] o.s.b.w.embedded.tomcat.TomcatWebServer  : Tomcat initialized with port(s): 0 (http)
2020-11-20 12:42:31.793  INFO [users-ms,,,] 9968 --- [restartedMain] o.apache.catalina.core.StandardService   : Starting service [Tomcat]
2020-11-20 12:42:31.793  INFO [users-ms,,,] 9968 --- [restartedMain] org.apache.catalina.core.StandardEngine  : Starting Servlet engine: [Apache Tomcat/9.0.39]
2020-11-20 12:42:32.021  INFO [users-ms,,,] 9968 --- [restartedMain] o.a.c.c.C.[Tomcat].[localhost].[/]       : Initializing Spring embedded WebApplicationContext
2020-11-20 12:42:32.021  INFO [users-ms,,,] 9968 --- [restartedMain] w.s.c.ServletWebServerApplicationContext : Root WebApplicationContext: initialization completed in 9727 ms
2020-11-20 12:42:32.168  INFO [users-ms,,,] 9968 --- [restartedMain] com.zaxxer.hikari.HikariDataSource       : HikariPool-1 - Starting...
2020-11-20 12:42:33.269  INFO [users-ms,,,] 9968 --- [restartedMain] com.zaxxer.hikari.HikariDataSource       : HikariPool-1 - Start completed.
2020-11-20 12:42:33.284  INFO [users-ms,,,] 9968 --- [restartedMain] o.s.b.a.h2.H2ConsoleAutoConfiguration    : H2 console available at '/h2-console'. Database available at 'jdbc:mysql://localhost:3306/microservice'
2020-11-20 12:42:34.573  WARN [users-ms,,,] 9968 --- [restartedMain] o.s.c.s.zipkin2.ZipkinAutoConfiguration  : Check result of the [RestTemplateSender{http://localhost:9411/api/v2/spans}] contains an error [CheckResult{ok=false, error=org.springframework.web.client.ResourceAccessException: I/O error on POST request for "http://localhost:9411/api/v2/spans": connect timed out; nested exception is java.net.SocketTimeoutException: connect timed out}]
2020-11-20 12:42:35.028  INFO [users-ms,,,] 9968 --- [restartedMain] o.s.s.concurrent.ThreadPoolTaskExecutor  : Initializing ExecutorService 'applicationTaskExecutor'
2020-11-20 12:42:35.191  INFO [users-ms,,,] 9968 --- [restartedMain] o.s.s.c.ThreadPoolTaskScheduler          : Initializing ExecutorService 'taskScheduler'
2020-11-20 12:42:35.317  INFO [users-ms,,,] 9968 --- [task-1] o.hibernate.jpa.internal.util.LogHelper  : HHH000204: Processing PersistenceUnitInfo [name: default]
2020-11-20 12:42:35.494  INFO [users-ms,,,] 9968 --- [task-1] org.hibernate.Version                    : HHH000412: Hibernate ORM core version 5.4.22.Final
2020-11-20 12:42:35.656  WARN [users-ms,,,] 9968 --- [restartedMain] JpaBaseConfiguration$JpaWebConfiguration : spring.jpa.open-in-view is enabled by default. Therefore, database queries may be performed during view rendering. Explicitly configure spring.jpa.open-in-view to disable this warning
2020-11-20 12:42:36.011  INFO [users-ms,,,] 9968 --- [task-1] o.hibernate.annotations.common.Version   : HCANN000001: Hibernate Commons Annotations {5.1.0.Final}
2020-11-20 12:42:36.020  WARN [users-ms,,,] 9968 --- [restartedMain] o.s.b.d.a.OptionalLiveReloadServer       : Unable to start LiveReload server
2020-11-20 12:42:36.370  INFO [users-ms,,,] 9968 --- [restartedMain] DeferredRepositoryInitializationListener : Triggering deferred initialization of Spring Data repositories…
2020-11-20 12:42:36.501  INFO [users-ms,,,] 9968 --- [task-1] org.hibernate.dialect.Dialect            : HHH000400: Using dialect: org.hibernate.dialect.MySQL8Dialect
2020-11-20 12:42:38.242  INFO [users-ms,,,] 9968 --- [task-1] o.h.e.t.j.p.i.JtaPlatformInitiator       : HHH000490: Using JtaPlatform implementation: [org.hibernate.engine.transaction.jta.platform.internal.NoJtaPlatform]
2020-11-20 12:42:38.257  INFO [users-ms,,,] 9968 --- [task-1] j.LocalContainerEntityManagerFactoryBean : Initialized JPA EntityManagerFactory for persistence unit 'default'
2020-11-20 12:42:38.872  INFO [users-ms,,,] 9968 --- [restartedMain] DeferredRepositoryInitializationListener : Spring Data repositories initialized!
2020-11-20 12:42:39.612  INFO [users-ms,,,] 9968 --- [restartedMain] o.s.s.web.DefaultSecurityFilterChain     : Creating filter chain: any request, [org.springframework.security.web.context.request.async.WebAsyncManagerIntegrationFilter@3af0167f, org.springframework.security.web.context.SecurityContextPersistenceFilter@7787856c, org.springframework.security.web.header.HeaderWriterFilter@53ba31a8, org.springframework.security.web.authentication.logout.LogoutFilter@f5b15de, com.users.microservice.security.AuthenticationFilter@20a8e756, org.springframework.security.web.savedrequest.RequestCacheAwareFilter@464b85cf, org.springframework.security.web.servletapi.SecurityContextHolderAwareRequestFilter@58c76323, org.springframework.security.web.authentication.AnonymousAuthenticationFilter@7d3c50b3, org.springframework.security.web.session.SessionManagementFilter@2d059b12, org.springframework.security.web.access.ExceptionTranslationFilter@65d57f9b, org.springframework.security.web.access.intercept.FilterSecurityInterceptor@786630c8]
2020-11-20 12:42:39.697  WARN [users-ms,,,] 9968 --- [restartedMain] c.n.c.sources.URLConfigurationSource     : No URLs will be polled as dynamic configuration sources.
2020-11-20 12:42:39.697  INFO [users-ms,,,] 9968 --- [restartedMain] c.n.c.sources.URLConfigurationSource     : To enable URLs as dynamic configuration sources, define System property archaius.configurationSource.additionalUrls or make config.properties available on classpath.
2020-11-20 12:42:39.704  WARN [users-ms,,,] 9968 --- [restartedMain] c.n.c.sources.URLConfigurationSource     : No URLs will be polled as dynamic configuration sources.
2020-11-20 12:42:39.704  INFO [users-ms,,,] 9968 --- [restartedMain] c.n.c.sources.URLConfigurationSource     : To enable URLs as dynamic configuration sources, define System property archaius.configurationSource.additionalUrls or make config.properties available on classpath.
2020-11-20 12:42:41.875  INFO [users-ms,,,] 9968 --- [restartedMain] DiscoveryClientOptionalArgsConfiguration : Eureka HTTP Client uses Jersey
2020-11-20 12:42:42.398  WARN [users-ms,,,] 9968 --- [restartedMain] ockingLoadBalancerClientRibbonWarnLogger : You already have RibbonLoadBalancerClient on your classpath. It will be used by default. As Spring Cloud Ribbon is in maintenance mode. We recommend switching to BlockingLoadBalancerClient instead. In order to use it, set the value of `spring.cloud.loadbalancer.ribbon.enabled` to `false` or remove spring-cloud-starter-netflix-ribbon from your project.
2020-11-20 12:42:43.301  INFO [users-ms,,,] 9968 --- [restartedMain] onConfiguration$FunctionBindingRegistrar : Functional binding is disabled due to the presense of @EnableBinding annotation in your configuration
2020-11-20 12:42:43.779  INFO [users-ms,,,] 9968 --- [restartedMain] o.s.i.monitor.IntegrationMBeanExporter   : Registering MessageChannel nullChannel
2020-11-20 12:42:43.810  INFO [users-ms,,,] 9968 --- [restartedMain] o.s.i.monitor.IntegrationMBeanExporter   : Registering MessageChannel springCloudBusOutput
2020-11-20 12:42:43.951  INFO [users-ms,,,] 9968 --- [restartedMain] o.s.i.monitor.IntegrationMBeanExporter   : Registering MessageChannel springCloudBusInput
2020-11-20 12:42:43.964  INFO [users-ms,,,] 9968 --- [restartedMain] o.s.i.monitor.IntegrationMBeanExporter   : Registering MessageChannel errorChannel
2020-11-20 12:42:44.058  INFO [users-ms,,,] 9968 --- [restartedMain] o.s.i.monitor.IntegrationMBeanExporter   : Registering MessageHandler errorLogger
2020-11-20 12:42:44.142  INFO [users-ms,,,] 9968 --- [restartedMain] o.s.c.s.m.DirectWithAttributesChannel    : Channel 'application-1.springCloudBusInput' has 1 subscriber(s).
2020-11-20 12:42:44.152  INFO [users-ms,,,] 9968 --- [restartedMain] o.s.i.endpoint.EventDrivenConsumer       : Adding {logging-channel-adapter:_org.springframework.integration.errorLogger} as a subscriber to the 'errorChannel' channel
2020-11-20 12:42:44.152  INFO [users-ms,,,] 9968 --- [restartedMain] o.s.i.channel.PublishSubscribeChannel    : Channel 'application-1.errorChannel' has 1 subscriber(s).
2020-11-20 12:42:44.153  INFO [users-ms,,,] 9968 --- [restartedMain] o.s.i.endpoint.EventDrivenConsumer       : started bean '_org.springframework.integration.errorLogger'
2020-11-20 12:42:44.156  INFO [users-ms,,,] 9968 --- [restartedMain] o.s.c.s.binder.DefaultBinderFactory      : Creating binder: rabbit
2020-11-20 12:42:44.994  INFO [users-ms,,,] 9968 --- [restartedMain] c.c.c.ConfigServicePropertySourceLocator : Fetching config from server at : http://desktop-g426ssp:8012
2020-11-20 12:42:47.253  INFO [users-ms,,,] 9968 --- [restartedMain] c.c.c.ConfigServicePropertySourceLocator : Located environment: name=CloudConfigServerApp, profiles=[default], label=null, version=70353157b8fc212c62123f02647d884f63ddffe7, state=null
2020-11-20 12:42:47.254  INFO [users-ms,,,] 9968 --- [restartedMain] b.c.PropertySourceBootstrapConfiguration : Located property source: [BootstrapPropertySource {name='bootstrapProperties-configClient'}, BootstrapPropertySource {name='bootstrapProperties-https://github.com/prasannaanubhav/ConfigServer/application.properties'}]
2020-11-20 12:42:47.411  INFO [users-ms,,,] 9968 --- [restartedMain] DeferredRepositoryInitializationListener : Triggering deferred initialization of Spring Data repositories…
2020-11-20 12:42:47.412  INFO [users-ms,,,] 9968 --- [restartedMain] DeferredRepositoryInitializationListener : Spring Data repositories initialized!
2020-11-20 12:42:47.416  INFO [users-ms,,,] 9968 --- [restartedMain] o.s.c.s.binder.DefaultBinderFactory      : Caching the binder: rabbit
2020-11-20 12:42:47.417  INFO [users-ms,,,] 9968 --- [restartedMain] o.s.c.s.binder.DefaultBinderFactory      : Retrieving cached binder: rabbit
2020-11-20 12:42:47.529  INFO [users-ms,,,] 9968 --- [restartedMain] o.s.a.r.c.CachingConnectionFactory       : Attempting to connect to: [localhost:5672]
2020-11-20 12:42:47.602  INFO [users-ms,,,] 9968 --- [restartedMain] o.s.a.r.c.CachingConnectionFactory       : Created new connection: rabbitConnectionFactory#49769e0b:0/SimpleConnection@1e9964f3 [delegate=amqp://guest@127.0.0.1:5672/, localPort= 59667]
2020-11-20 12:42:47.666  INFO [users-ms,,,] 9968 --- [restartedMain] o.s.c.s.m.DirectWithAttributesChannel    : Channel 'application-1.springCloudBusOutput' has 1 subscriber(s).
2020-11-20 12:42:47.684  INFO [users-ms,,,] 9968 --- [restartedMain] o.s.c.s.binder.DefaultBinderFactory      : Retrieving cached binder: rabbit
2020-11-20 12:42:47.726  INFO [users-ms,,,] 9968 --- [restartedMain] c.s.b.r.p.RabbitExchangeQueueProvisioner : declaring queue for inbound: springCloudBus.anonymous.VPXhzw3HRDurczrd1eLB5Q, bound to: springCloudBus
2020-11-20 12:42:47.761  INFO [users-ms,,,] 9968 --- [restartedMain] o.s.c.stream.binder.BinderErrorChannel   : Channel 'springCloudBus.anonymous.VPXhzw3HRDurczrd1eLB5Q.errors' has 1 subscriber(s).
2020-11-20 12:42:47.762  INFO [users-ms,,,] 9968 --- [restartedMain] o.s.c.stream.binder.BinderErrorChannel   : Channel 'springCloudBus.anonymous.VPXhzw3HRDurczrd1eLB5Q.errors' has 2 subscriber(s).
2020-11-20 12:42:47.792  INFO [users-ms,,,] 9968 --- [restartedMain] o.s.i.a.i.AmqpInboundChannelAdapter      : started bean 'inbound.springCloudBus.anonymous.VPXhzw3HRDurczrd1eLB5Q'
2020-11-20 12:42:47.827  INFO [users-ms,,,] 9968 --- [restartedMain] o.s.b.w.embedded.tomcat.TomcatWebServer  : Tomcat started on port(s): 59668 (http) with context path ''
2020-11-20 12:42:47.828  INFO [users-ms,,,] 9968 --- [restartedMain] .s.c.n.e.s.EurekaAutoServiceRegistration : Updating port to 59668
2020-11-20 12:42:47.837  INFO [users-ms,,,] 9968 --- [restartedMain] o.s.c.n.eureka.InstanceInfoFactory       : Setting initial instance status as: STARTING
2020-11-20 12:42:47.903  INFO [users-ms,,,] 9968 --- [restartedMain] com.netflix.discovery.DiscoveryClient    : Initializing Eureka in region us-east-1
2020-11-20 12:42:48.008  INFO [users-ms,,,] 9968 --- [restartedMain] c.n.d.provider.DiscoveryJerseyProvider   : Using JSON encoding codec LegacyJacksonJson
2020-11-20 12:42:48.008  INFO [users-ms,,,] 9968 --- [restartedMain] c.n.d.provider.DiscoveryJerseyProvider   : Using JSON decoding codec LegacyJacksonJson
2020-11-20 12:42:48.202  INFO [users-ms,,,] 9968 --- [restartedMain] c.n.d.provider.DiscoveryJerseyProvider   : Using XML encoding codec XStreamXml
2020-11-20 12:42:48.202  INFO [users-ms,,,] 9968 --- [restartedMain] c.n.d.provider.DiscoveryJerseyProvider   : Using XML decoding codec XStreamXml
2020-11-20 12:42:48.505  INFO [users-ms,,,] 9968 --- [restartedMain] c.n.d.s.r.aws.ConfigClusterResolver      : Resolving eureka endpoints via configuration
2020-11-20 12:42:48.782  INFO [users-ms,,,] 9968 --- [restartedMain] com.netflix.discovery.DiscoveryClient    : Disable delta property : false
2020-11-20 12:42:48.783  INFO [users-ms,,,] 9968 --- [restartedMain] com.netflix.discovery.DiscoveryClient    : Single vip registry refresh property : null
2020-11-20 12:42:48.783  INFO [users-ms,,,] 9968 --- [restartedMain] com.netflix.discovery.DiscoveryClient    : Force full registry fetch : false
2020-11-20 12:42:48.783  INFO [users-ms,,,] 9968 --- [restartedMain] com.netflix.discovery.DiscoveryClient    : Application is null : false
2020-11-20 12:42:48.783  INFO [users-ms,,,] 9968 --- [restartedMain] com.netflix.discovery.DiscoveryClient    : Registered Applications size is zero : true
2020-11-20 12:42:48.783  INFO [users-ms,,,] 9968 --- [restartedMain] com.netflix.discovery.DiscoveryClient    : Application version is -1: true
2020-11-20 12:42:48.783  INFO [users-ms,,,] 9968 --- [restartedMain] com.netflix.discovery.DiscoveryClient    : Getting all instance registry info from the eureka server
2020-11-20 12:42:48.974  INFO [users-ms,,,] 9968 --- [restartedMain] com.netflix.discovery.DiscoveryClient    : The response status is 200
2020-11-20 12:42:48.979  INFO [users-ms,,,] 9968 --- [restartedMain] com.netflix.discovery.DiscoveryClient    : Starting heartbeat executor: renew interval is: 30
2020-11-20 12:42:48.983  INFO [users-ms,,,] 9968 --- [restartedMain] c.n.discovery.InstanceInfoReplicator     : InstanceInfoReplicator onDemand update allowed rate per min is 4
2020-11-20 12:42:48.990  INFO [users-ms,,,] 9968 --- [restartedMain] com.netflix.discovery.DiscoveryClient    : Discovery Client initialized at timestamp 1605856368988 with initial instances count: 2
2020-11-20 12:42:49.008  INFO [users-ms,,,] 9968 --- [restartedMain] o.s.c.n.e.s.EurekaServiceRegistry        : Registering application USERS-MS with eureka with status UP
2020-11-20 12:42:49.010  INFO [users-ms,,,] 9968 --- [restartedMain] com.netflix.discovery.DiscoveryClient    : Saw local status change event StatusChangeEvent [timestamp=1605856369010, current=UP, previous=STARTING]
2020-11-20 12:42:49.013  INFO [users-ms,,,] 9968 --- [DiscoveryClient-InstanceInfoReplicator-0] com.netflix.discovery.DiscoveryClient    : DiscoveryClient_USERS-MS/users-ms:0612bc94f437c15f9862a3ecf2ab18b4: registering service...
2020-11-20 12:42:49.082  INFO [users-ms,,,] 9968 --- [DiscoveryClient-InstanceInfoReplicator-0] com.netflix.discovery.DiscoveryClient    : DiscoveryClient_USERS-MS/users-ms:0612bc94f437c15f9862a3ecf2ab18b4 - registration status: 204
2020-11-20 12:42:49.429  INFO [users-ms,,,] 9968 --- [restartedMain] DeferredRepositoryInitializationListener : Triggering deferred initialization of Spring Data repositories…
2020-11-20 12:42:49.432  INFO [users-ms,,,] 9968 --- [restartedMain] DeferredRepositoryInitializationListener : Spring Data repositories initialized!
2020-11-20 12:42:49.499  INFO [users-ms,,,] 9968 --- [restartedMain] c.u.m.UsersMicroServiceApplication       : Started UsersMicroServiceApplication in 32.087 seconds (JVM running for 33.816)
2020-11-20 12:43:43.793  INFO [users-ms,,,] 9968 --- [http-nio-auto-1-exec-2] o.a.c.c.C.[Tomcat].[localhost].[/]       : Initializing Spring DispatcherServlet 'dispatcherServlet'
2020-11-20 12:43:43.794  INFO [users-ms,,,] 9968 --- [http-nio-auto-1-exec-2] o.s.web.servlet.DispatcherServlet        : Initializing Servlet 'dispatcherServlet'
2020-11-20 12:43:43.824  INFO [users-ms,,,] 9968 --- [http-nio-auto-1-exec-2] o.s.web.servlet.DispatcherServlet        : Completed initialization in 30 ms
2020-11-20 12:43:47.180  WARN [users-ms,,,] 9968 --- [AsyncReporter{RestTemplateSender{http://localhost:9411/api/v2/spans}}] z.r.AsyncReporter$BoundedAsyncReporter   : Spans were dropped due to exceptions. All subsequent errors will be logged at FINE level.
2020-11-20 12:43:47.186  WARN [users-ms,,,] 9968 --- [AsyncReporter{RestTemplateSender{http://localhost:9411/api/v2/spans}}] z.r.AsyncReporter$BoundedAsyncReporter   : Dropped 1 spans due to ResourceAccessException(I/O error on POST request for "http://localhost:9411/api/v2/spans": connect timed out; nested exception is java.net.SocketTimeoutException: connect timed out)

org.springframework.web.client.ResourceAccessException: I/O error on POST request for "http://localhost:9411/api/v2/spans": connect timed out; nested exception is java.net.SocketTimeoutException: connect timed out
	at org.springframework.web.client.RestTemplate.doExecute(RestTemplate.java:746) ~[spring-web-5.2.10.RELEASE.jar:5.2.10.RELEASE]
	at org.springframework.cloud.sleuth.zipkin2.sender.ZipkinRestTemplateWrapper.doExecute(ZipkinRestTemplateSenderConfiguration.java:228) ~[spring-cloud-sleuth-zipkin-2.2.5.RELEASE.jar:2.2.5.RELEASE]
	at org.springframework.web.client.RestTemplate.exchange(RestTemplate.java:639) ~[spring-web-5.2.10.RELEASE.jar:5.2.10.RELEASE]
	at org.springframework.cloud.sleuth.zipkin2.sender.RestTemplateSender.post(RestTemplateSender.java:129) ~[spring-cloud-sleuth-zipkin-2.2.5.RELEASE.jar:2.2.5.RELEASE]
	at org.springframework.cloud.sleuth.zipkin2.sender.RestTemplateSender$HttpPostCall.doExecute(RestTemplateSender.java:147) ~[spring-cloud-sleuth-zipkin-2.2.5.RELEASE.jar:2.2.5.RELEASE]
	at org.springframework.cloud.sleuth.zipkin2.sender.RestTemplateSender$HttpPostCall.doExecute(RestTemplateSender.java:137) ~[spring-cloud-sleuth-zipkin-2.2.5.RELEASE.jar:2.2.5.RELEASE]
	at zipkin2.Call$Base.execute(Call.java:380) ~[zipkin-2.21.1.jar:na]
	at zipkin2.reporter.AsyncReporter$BoundedAsyncReporter.flush(AsyncReporter.java:299) ~[zipkin-reporter-2.15.0.jar:na]
	at zipkin2.reporter.AsyncReporter$Flusher.run(AsyncReporter.java:378) [zipkin-reporter-2.15.0.jar:na]
	at java.lang.Thread.run(Thread.java:748) [na:1.8.0_221]
Caused by: java.net.SocketTimeoutException: connect timed out
	at java.net.DualStackPlainSocketImpl.waitForConnect(Native Method) ~[na:1.8.0_221]
	at java.net.DualStackPlainSocketImpl.socketConnect(DualStackPlainSocketImpl.java:85) ~[na:1.8.0_221]
	at java.net.AbstractPlainSocketImpl.doConnect(AbstractPlainSocketImpl.java:350) ~[na:1.8.0_221]
	at java.net.AbstractPlainSocketImpl.connectToAddress(AbstractPlainSocketImpl.java:206) ~[na:1.8.0_221]
	at java.net.AbstractPlainSocketImpl.connect(AbstractPlainSocketImpl.java:188) ~[na:1.8.0_221]
	at java.net.PlainSocketImpl.connect(PlainSocketImpl.java:172) ~[na:1.8.0_221]
	at java.net.SocksSocketImpl.connect(SocksSocketImpl.java:392) ~[na:1.8.0_221]
	at java.net.Socket.connect(Socket.java:589) ~[na:1.8.0_221]
	at sun.net.NetworkClient.doConnect(NetworkClient.java:175) ~[na:1.8.0_221]
	at sun.net.www.http.HttpClient.openServer(HttpClient.java:463) ~[na:1.8.0_221]
	at sun.net.www.http.HttpClient.openServer(HttpClient.java:558) ~[na:1.8.0_221]
	at sun.net.www.http.HttpClient.<init>(HttpClient.java:242) ~[na:1.8.0_221]
	at sun.net.www.http.HttpClient.New(HttpClient.java:339) ~[na:1.8.0_221]
	at sun.net.www.http.HttpClient.New(HttpClient.java:357) ~[na:1.8.0_221]
	at sun.net.www.protocol.http.HttpURLConnection.getNewHttpClient(HttpURLConnection.java:1226) ~[na:1.8.0_221]
	at sun.net.www.protocol.http.HttpURLConnection.plainConnect0(HttpURLConnection.java:1162) ~[na:1.8.0_221]
	at sun.net.www.protocol.http.HttpURLConnection.plainConnect(HttpURLConnection.java:1056) ~[na:1.8.0_221]
	at sun.net.www.protocol.http.HttpURLConnection.connect(HttpURLConnection.java:990) ~[na:1.8.0_221]
	at org.springframework.http.client.SimpleBufferingClientHttpRequest.executeInternal(SimpleBufferingClientHttpRequest.java:76) ~[spring-web-5.2.10.RELEASE.jar:5.2.10.RELEASE]
	at org.springframework.http.client.AbstractBufferingClientHttpRequest.executeInternal(AbstractBufferingClientHttpRequest.java:48) ~[spring-web-5.2.10.RELEASE.jar:5.2.10.RELEASE]
	at org.springframework.http.client.AbstractClientHttpRequest.execute(AbstractClientHttpRequest.java:53) ~[spring-web-5.2.10.RELEASE.jar:5.2.10.RELEASE]
	at org.springframework.web.client.RestTemplate.doExecute(RestTemplate.java:737) ~[spring-web-5.2.10.RELEASE.jar:5.2.10.RELEASE]
	... 9 common frames omitted

2020-11-20 12:44:04.196  INFO [users-ms,cce89311ef8bd3e2,cce89311ef8bd3e2,true] 9968 --- [http-nio-auto-1-exec-3] c.u.microservice.service.ServiceImpl     : Before calling album microservice
2020-11-20 12:44:04.743  INFO [users-ms,cce89311ef8bd3e2,2424bf8f72492e17,true] 9968 --- [hystrix-album-ms-1] c.netflix.config.ChainedDynamicProperty  : Flipping property: album-ms.ribbon.ActiveConnectionsLimit to use NEXT property: niws.loadbalancer.availabilityFilteringRule.activeConnectionsLimit = 2147483647
2020-11-20 12:44:04.791  INFO [users-ms,cce89311ef8bd3e2,2424bf8f72492e17,true] 9968 --- [hystrix-album-ms-1] c.n.u.concurrent.ShutdownEnabledTimer    : Shutdown hook installed for: NFLoadBalancer-PingTimer-album-ms
2020-11-20 12:44:04.792  INFO [users-ms,cce89311ef8bd3e2,2424bf8f72492e17,true] 9968 --- [hystrix-album-ms-1] c.netflix.loadbalancer.BaseLoadBalancer  : Client: album-ms instantiated a LoadBalancer: DynamicServerListLoadBalancer:{NFLoadBalancer:name=album-ms,current list of Servers=[],Load balancer stats=Zone stats: {},Server stats: []}ServerList:null
2020-11-20 12:44:04.804  INFO [users-ms,cce89311ef8bd3e2,2424bf8f72492e17,true] 9968 --- [hystrix-album-ms-1] c.n.l.DynamicServerListLoadBalancer      : Using serverListUpdater PollingServerListUpdater
2020-11-20 12:44:04.850  INFO [users-ms,cce89311ef8bd3e2,2424bf8f72492e17,true] 9968 --- [hystrix-album-ms-1] c.netflix.config.ChainedDynamicProperty  : Flipping property: album-ms.ribbon.ActiveConnectionsLimit to use NEXT property: niws.loadbalancer.availabilityFilteringRule.activeConnectionsLimit = 2147483647
2020-11-20 12:44:04.853  INFO [users-ms,cce89311ef8bd3e2,2424bf8f72492e17,true] 9968 --- [hystrix-album-ms-1] c.n.l.DynamicServerListLoadBalancer      : DynamicServerListLoadBalancer for client album-ms initialized: DynamicServerListLoadBalancer:{NFLoadBalancer:name=album-ms,current list of Servers=[DESKTOP-G426SSP:59619],Load balancer stats=Zone stats: {defaultzone=[Zone:defaultzone;	Instance count:1;	Active connections count: 0;	Circuit breaker tripped count: 0;	Active connections per server: 0.0;]
},Server stats: [[Server:DESKTOP-G426SSP:59619;	Zone:defaultZone;	Total Requests:0;	Successive connection failure:0;	Total blackout seconds:0;	Last connection made:Thu Jan 01 05:30:00 IST 1970;	First connection made: Thu Jan 01 05:30:00 IST 1970;	Active Connections:0;	total failure count in last (1000) msecs:0;	average resp time:0.0;	90 percentile resp time:0.0;	95 percentile resp time:0.0;	min resp time:0.0;	max resp time:0.0;	stddev resp time:0.0]
]}ServerList:org.springframework.cloud.netflix.ribbon.eureka.DomainExtractingServerList@48383934
2020-11-20 12:44:04.898  INFO [users-ms,cce89311ef8bd3e2,2424bf8f72492e17,true] 9968 --- [hystrix-album-ms-1] DeferredRepositoryInitializationListener : Triggering deferred initialization of Spring Data repositories…
2020-11-20 12:44:04.899  INFO [users-ms,cce89311ef8bd3e2,2424bf8f72492e17,true] 9968 --- [hystrix-album-ms-1] DeferredRepositoryInitializationListener : Spring Data repositories initialized!
2020-11-20 12:44:05.340  INFO [users-ms,cce89311ef8bd3e2,cce89311ef8bd3e2,true] 9968 --- [http-nio-auto-1-exec-3] c.u.microservice.service.ServiceImpl     : After calling album microservice
2020-11-20 12:44:05.809  INFO [users-ms,,,] 9968 --- [PollingServerListUpdater-0] c.netflix.config.ChainedDynamicProperty  : Flipping property: album-ms.ribbon.ActiveConnectionsLimit to use NEXT property: niws.loadbalancer.availabilityFilteringRule.activeConnectionsLimit = 2147483647
2020-11-20 12:44:06.808  INFO [users-ms,5eeb342186a4ef0f,5eeb342186a4ef0f,true] 9968 --- [http-nio-auto-1-exec-4] c.u.microservice.service.ServiceImpl     : Before calling album microservice
2020-11-20 12:44:06.844  INFO [users-ms,5eeb342186a4ef0f,5eeb342186a4ef0f,true] 9968 --- [http-nio-auto-1-exec-4] c.u.microservice.service.ServiceImpl     : After calling album microservice
2020-11-20 12:47:48.787  INFO [users-ms,,,] 9968 --- [AsyncResolver-bootstrap-executor-0] c.n.d.s.r.aws.ConfigClusterResolver      : Resolving eureka endpoints via configuration
2020-11-20 12:52:50.739  INFO [users-ms,,,] 9968 --- [AsyncResolver-bootstrap-executor-0] c.n.d.s.r.aws.ConfigClusterResolver      : Resolving eureka endpoints via configuration
2020-11-20 12:57:50.742  INFO [users-ms,,,] 9968 --- [AsyncResolver-bootstrap-executor-0] c.n.d.s.r.aws.ConfigClusterResolver      : Resolving eureka endpoints via configuration
2020-11-20 13:02:50.746  INFO [users-ms,,,] 9968 --- [AsyncResolver-bootstrap-executor-0] c.n.d.s.r.aws.ConfigClusterResolver      : Resolving eureka endpoints via configuration
2020-11-20 13:07:50.750  INFO [users-ms,,,] 9968 --- [AsyncResolver-bootstrap-executor-0] c.n.d.s.r.aws.ConfigClusterResolver      : Resolving eureka endpoints via configuration
2020-11-20 13:12:50.757  INFO [users-ms,,,] 9968 --- [AsyncResolver-bootstrap-executor-0] c.n.d.s.r.aws.ConfigClusterResolver      : Resolving eureka endpoints via configuration
2020-11-20 13:17:50.760  INFO [users-ms,,,] 9968 --- [AsyncResolver-bootstrap-executor-0] c.n.d.s.r.aws.ConfigClusterResolver      : Resolving eureka endpoints via configuration
2020-11-20 13:22:50.763  INFO [users-ms,,,] 9968 --- [AsyncResolver-bootstrap-executor-0] c.n.d.s.r.aws.ConfigClusterResolver      : Resolving eureka endpoints via configuration
2020-11-20 13:23:03.080  INFO [users-ms,9d4cc242016911bd,9d4cc242016911bd,true] 9968 --- [http-nio-auto-1-exec-6] c.u.microservice.service.ServiceImpl     : Before calling album microservice
2020-11-20 13:23:03.260  INFO [users-ms,9d4cc242016911bd,9d4cc242016911bd,true] 9968 --- [http-nio-auto-1-exec-6] c.u.microservice.service.ServiceImpl     : After calling album microservice
2020-11-20 13:27:50.765  INFO [users-ms,,,] 9968 --- [AsyncResolver-bootstrap-executor-0] c.n.d.s.r.aws.ConfigClusterResolver      : Resolving eureka endpoints via configuration
2020-11-20 13:32:50.767  INFO [users-ms,,,] 9968 --- [AsyncResolver-bootstrap-executor-0] c.n.d.s.r.aws.ConfigClusterResolver      : Resolving eureka endpoints via configuration
2020-11-20 13:37:50.770  INFO [users-ms,,,] 9968 --- [AsyncResolver-bootstrap-executor-0] c.n.d.s.r.aws.ConfigClusterResolver      : Resolving eureka endpoints via configuration
2020-11-20 13:42:50.774  INFO [users-ms,,,] 9968 --- [AsyncResolver-bootstrap-executor-0] c.n.d.s.r.aws.ConfigClusterResolver      : Resolving eureka endpoints via configuration
2020-11-20 13:47:50.777  INFO [users-ms,,,] 9968 --- [AsyncResolver-bootstrap-executor-0] c.n.d.s.r.aws.ConfigClusterResolver      : Resolving eureka endpoints via configuration
2020-11-20 13:52:50.779  INFO [users-ms,,,] 9968 --- [AsyncResolver-bootstrap-executor-0] c.n.d.s.r.aws.ConfigClusterResolver      : Resolving eureka endpoints via configuration
2020-11-20 13:57:50.782  INFO [users-ms,,,] 9968 --- [AsyncResolver-bootstrap-executor-0] c.n.d.s.r.aws.ConfigClusterResolver      : Resolving eureka endpoints via configuration
2020-11-20 14:02:50.784  INFO [users-ms,,,] 9968 --- [AsyncResolver-bootstrap-executor-0] c.n.d.s.r.aws.ConfigClusterResolver      : Resolving eureka endpoints via configuration
2020-11-20 14:09:18.985  WARN [users-ms,,,] 9968 --- [HikariPool-1 housekeeper] com.zaxxer.hikari.pool.HikariPool        : HikariPool-1 - Thread starvation or clock leap detected (housekeeper delta=5m43s823ms366µs700ns).
2020-11-20 14:13:04.164  INFO [users-ms,,,] 9968 --- [AsyncResolver-bootstrap-executor-0] c.n.d.s.r.aws.ConfigClusterResolver      : Resolving eureka endpoints via configuration
2020-11-20 14:18:04.166  INFO [users-ms,,,] 9968 --- [AsyncResolver-bootstrap-executor-0] c.n.d.s.r.aws.ConfigClusterResolver      : Resolving eureka endpoints via configuration
2020-11-20 14:23:04.168  INFO [users-ms,,,] 9968 --- [AsyncResolver-bootstrap-executor-0] c.n.d.s.r.aws.ConfigClusterResolver      : Resolving eureka endpoints via configuration
2020-11-20 14:28:04.171  INFO [users-ms,,,] 9968 --- [AsyncResolver-bootstrap-executor-0] c.n.d.s.r.aws.ConfigClusterResolver      : Resolving eureka endpoints via configuration
2020-11-20 14:33:04.172  INFO [users-ms,,,] 9968 --- [AsyncResolver-bootstrap-executor-0] c.n.d.s.r.aws.ConfigClusterResolver      : Resolving eureka endpoints via configuration
2020-11-20 14:38:04.175  INFO [users-ms,,,] 9968 --- [AsyncResolver-bootstrap-executor-0] c.n.d.s.r.aws.ConfigClusterResolver      : Resolving eureka endpoints via configuration
2020-11-20 16:00:20.981  WARN [users-ms,,,] 9968 --- [HikariPool-1 housekeeper] com.zaxxer.hikari.pool.HikariPool        : HikariPool-1 - Thread starvation or clock leap detected (housekeeper delta=1h21m2s342ms981µs).
2020-11-20 16:03:36.075  INFO [users-ms,,,] 9968 --- [AsyncResolver-bootstrap-executor-0] c.n.d.s.r.aws.ConfigClusterResolver      : Resolving eureka endpoints via configuration
2020-11-20 16:08:36.076  INFO [users-ms,,,] 9968 --- [AsyncResolver-bootstrap-executor-0] c.n.d.s.r.aws.ConfigClusterResolver      : Resolving eureka endpoints via configuration
2020-11-20 16:13:36.078  INFO [users-ms,,,] 9968 --- [AsyncResolver-bootstrap-executor-0] c.n.d.s.r.aws.ConfigClusterResolver      : Resolving eureka endpoints via configuration
2020-11-20 16:18:36.080  INFO [users-ms,,,] 9968 --- [AsyncResolver-bootstrap-executor-0] c.n.d.s.r.aws.ConfigClusterResolver      : Resolving eureka endpoints via configuration
2020-11-20 16:23:36.082  INFO [users-ms,,,] 9968 --- [AsyncResolver-bootstrap-executor-0] c.n.d.s.r.aws.ConfigClusterResolver      : Resolving eureka endpoints via configuration
2020-11-20 16:28:36.083  INFO [users-ms,,,] 9968 --- [AsyncResolver-bootstrap-executor-0] c.n.d.s.r.aws.ConfigClusterResolver      : Resolving eureka endpoints via configuration
2020-11-20 16:33:36.086  INFO [users-ms,,,] 9968 --- [AsyncResolver-bootstrap-executor-0] c.n.d.s.r.aws.ConfigClusterResolver      : Resolving eureka endpoints via configuration
2020-11-20 16:38:36.088  INFO [users-ms,,,] 9968 --- [AsyncResolver-bootstrap-executor-0] c.n.d.s.r.aws.ConfigClusterResolver      : Resolving eureka endpoints via configuration
2020-11-20 16:39:17.811  INFO [users-ms,,,] 9968 --- [Thread-2] o.s.c.n.e.s.EurekaServiceRegistry        : Unregistering application USERS-MS with eureka with status DOWN
2020-11-20 16:39:17.811  WARN [users-ms,,,] 9968 --- [Thread-2] com.netflix.discovery.DiscoveryClient    : Saw local status change event StatusChangeEvent [timestamp=1605870557811, current=DOWN, previous=UP]
2020-11-20 16:39:17.816  INFO [users-ms,,,] 9968 --- [DiscoveryClient-InstanceInfoReplicator-0] com.netflix.discovery.DiscoveryClient    : DiscoveryClient_USERS-MS/users-ms:0612bc94f437c15f9862a3ecf2ab18b4: registering service...
2020-11-20 16:39:17.833  INFO [users-ms,,,] 9968 --- [DiscoveryClient-InstanceInfoReplicator-0] com.netflix.discovery.DiscoveryClient    : DiscoveryClient_USERS-MS/users-ms:0612bc94f437c15f9862a3ecf2ab18b4 - registration status: 204
2020-11-20 16:39:19.011  INFO [users-ms,,,] 9968 --- [Thread-2] o.s.a.r.l.SimpleMessageListenerContainer : Waiting for workers to finish.
2020-11-20 16:39:19.325  INFO [users-ms,,,] 9968 --- [Thread-2] o.s.a.r.l.SimpleMessageListenerContainer : Successfully waited for workers to finish.
2020-11-20 16:39:19.327  INFO [users-ms,,,] 9968 --- [Thread-2] o.s.i.a.i.AmqpInboundChannelAdapter      : stopped bean 'inbound.springCloudBus.anonymous.VPXhzw3HRDurczrd1eLB5Q'
2020-11-20 16:39:19.666  INFO [users-ms,,,] 9968 --- [Thread-2] o.s.i.monitor.IntegrationMBeanExporter   : Registering MessageChannel springCloudBus.anonymous.VPXhzw3HRDurczrd1eLB5Q.errors
2020-11-20 16:39:19.876  INFO [users-ms,,,] 9968 --- [Thread-2] o.s.c.stream.binder.BinderErrorChannel   : Channel 'application-1.springCloudBus.anonymous.VPXhzw3HRDurczrd1eLB5Q.errors' has 1 subscriber(s).
2020-11-20 16:39:19.889  INFO [users-ms,,,] 9968 --- [Thread-2] o.s.c.stream.binder.BinderErrorChannel   : Channel 'application-1.springCloudBus.anonymous.VPXhzw3HRDurczrd1eLB5Q.errors' has 0 subscriber(s).
2020-11-20 16:39:19.902  INFO [users-ms,,,] 9968 --- [Thread-2] o.s.i.endpoint.EventDrivenConsumer       : Removing {logging-channel-adapter:_org.springframework.integration.errorLogger} as a subscriber to the 'errorChannel' channel
2020-11-20 16:39:19.903  INFO [users-ms,,,] 9968 --- [Thread-2] o.s.i.channel.PublishSubscribeChannel    : Channel 'application-1.errorChannel' has 0 subscriber(s).
2020-11-20 16:39:19.903  INFO [users-ms,,,] 9968 --- [Thread-2] o.s.i.endpoint.EventDrivenConsumer       : stopped bean '_org.springframework.integration.errorLogger'
2020-11-20 16:39:20.002  INFO [users-ms,,,] 9968 --- [Thread-2] j.LocalContainerEntityManagerFactoryBean : Closing JPA EntityManagerFactory for persistence unit 'default'
2020-11-20 16:39:20.035  INFO [users-ms,,,] 9968 --- [Thread-2] o.s.s.c.ThreadPoolTaskScheduler          : Shutting down ExecutorService 'taskScheduler'
2020-11-20 16:39:20.036  INFO [users-ms,,,] 9968 --- [Thread-2] o.s.s.concurrent.ThreadPoolTaskExecutor  : Shutting down ExecutorService 'applicationTaskExecutor'
2020-11-20 16:39:20.756  INFO [users-ms,,,] 9968 --- [Thread-2] c.n.u.concurrent.ShutdownEnabledTimer    : Shutdown hook removed for: NFLoadBalancer-PingTimer-album-ms
2020-11-20 16:39:20.765  INFO [users-ms,,,] 9968 --- [Thread-2] com.zaxxer.hikari.HikariDataSource       : HikariPool-1 - Shutdown initiated...
2020-11-20 16:39:20.796  INFO [users-ms,,,] 9968 --- [Thread-2] com.zaxxer.hikari.HikariDataSource       : HikariPool-1 - Shutdown completed.
2020-11-20 16:39:20.798  INFO [users-ms,,,] 9968 --- [Thread-2] o.s.i.monitor.IntegrationMBeanExporter   : Summary on shutdown: nullChannel
2020-11-20 16:39:20.799  INFO [users-ms,,,] 9968 --- [Thread-2] o.s.i.monitor.IntegrationMBeanExporter   : Summary on shutdown: bean 'springCloudBusOutput'
2020-11-20 16:39:20.799  INFO [users-ms,,,] 9968 --- [Thread-2] o.s.i.monitor.IntegrationMBeanExporter   : Summary on shutdown: bean 'springCloudBusInput'
2020-11-20 16:39:20.799  INFO [users-ms,,,] 9968 --- [Thread-2] o.s.i.monitor.IntegrationMBeanExporter   : Summary on shutdown: bean 'errorChannel'
2020-11-20 16:39:20.799  INFO [users-ms,,,] 9968 --- [Thread-2] o.s.i.monitor.IntegrationMBeanExporter   : Summary on shutdown: bean '_org.springframework.integration.errorLogger.handler' for component '_org.springframework.integration.errorLogger'
2020-11-20 16:39:20.801  INFO [users-ms,,,] 9968 --- [Thread-2] com.netflix.discovery.DiscoveryClient    : Shutting down DiscoveryClient ...
